<?xml version="1.0" encoding="UTF-8"?>
<!-- Generated by org.testng.reporters.JUnitXMLReporter -->
<testsuite ignored="1" hostname="LAPTOP-V2HHIS79" failures="0" tests="2" name="mytest1" time="0.103" errors="0" timestamp="2024-07-17T20:29:41 IST">
  <testcase classname="Test_NG.Grouping" name="testone" time="0.014"/>
  <testcase classname="Test_NG.Grouping" name="testthree" time="0.002"/>
  <testcase classname="Test_NG.Grouping" name="testtwo" time="0.0">
    <ignored/>
  </testcase> <!-- testtwo -->
</testsuite> <!-- mytest1 -->
