<?xml version="1.0" encoding="UTF-8"?>
<testng-results ignored="0" total="2" passed="2" failed="0" skipped="0">
  <reporter-output>
  </reporter-output>
  <suite started-at="2024-07-18T18:00:29 IST" name="Default suite" finished-at="2024-07-18T18:00:29 IST" duration-ms="101">
    <groups>
    </groups>
    <test started-at="2024-07-18T18:00:29 IST" name="Default test" finished-at="2024-07-18T18:00:29 IST" duration-ms="101">
      <class name="Test_NG.Data">
        <test-method signature="method(java.lang.String,java.lang.String)[pri:0, instance:Test_NG.Data@2034b64c]" started-at="2024-07-18T18:00:29 IST" name="method" data-provider="logindata" finished-at="2024-07-18T18:00:29 IST" duration-ms="10" status="PASS">
          <params>
            <param index="0">
              <value>
                <![CDATA[kumar@gmail.com]]>
              </value>
            </param>
            <param index="1">
              <value>
                <![CDATA[hi]]>
              </value>
            </param>
          </params>
          <reporter-output>
          </reporter-output>
        </test-method> <!-- method -->
        <test-method signature="method(java.lang.String,java.lang.String)[pri:0, instance:Test_NG.Data@2034b64c]" started-at="2024-07-18T18:00:29 IST" name="method" data-provider="logindata" finished-at="2024-07-18T18:00:29 IST" duration-ms="12" status="PASS">
          <params>
            <param index="0">
              <value>
                <![CDATA[hari@gmail.com]]>
              </value>
            </param>
            <param index="1">
              <value>
                <![CDATA[helooo]]>
              </value>
            </param>
          </params>
          <reporter-output>
          </reporter-output>
        </test-method> <!-- method -->
      </class> <!-- Test_NG.Data -->
    </test> <!-- Default test -->
  </suite> <!-- Default suite -->
</testng-results>
